[error] Failed to fetch Firebase Project from Studio Workspace because WORKSPACE_SLUG environment variable is empty
[error] Failed to fetch Firebase Project from Studio Workspace because WORKSPACE_SLUG environment variable is empty
[debug] [2025-09-25T12:23:24.227Z] Checked if tokens are valid: false, expires at: 1758776363799
[debug] [2025-09-25T12:23:24.228Z] Checked if tokens are valid: false, expires at: 1758776363799
[debug] [2025-09-25T12:23:24.228Z] > refreshing access token with scopes: []
[debug] [2025-09-25T12:23:24.231Z] >>> [apiv2][query] POST https://www.googleapis.com/oauth2/v3/token [none]
[debug] [2025-09-25T12:23:24.232Z] >>> [apiv2][body] POST https://www.googleapis.com/oauth2/v3/token [omitted]
[debug] [2025-09-25T12:23:24.331Z] Checked if tokens are valid: false, expires at: 1758776363799
[debug] [2025-09-25T12:23:24.331Z] Checked if tokens are valid: false, expires at: 1758776363799
[debug] [2025-09-25T12:23:24.332Z] > refreshing access token with scopes: []
[debug] [2025-09-25T12:23:24.332Z] >>> [apiv2][query] POST https://www.googleapis.com/oauth2/v3/token [none]
[debug] [2025-09-25T12:23:24.332Z] >>> [apiv2][body] POST https://www.googleapis.com/oauth2/v3/token [omitted]
[debug] [2025-09-25T12:23:24.337Z] Checked if tokens are valid: false, expires at: 1758776363799
[debug] [2025-09-25T12:23:24.343Z] Checked if tokens are valid: false, expires at: 1758776363799
[debug] [2025-09-25T12:23:24.343Z] > refreshing access token with scopes: []
[debug] [2025-09-25T12:23:24.344Z] >>> [apiv2][query] POST https://www.googleapis.com/oauth2/v3/token [none]
[debug] [2025-09-25T12:23:24.348Z] >>> [apiv2][body] POST https://www.googleapis.com/oauth2/v3/token [omitted]
[debug] [2025-09-25T12:23:24.359Z] Checked if tokens are valid: false, expires at: 1758776363799
[debug] [2025-09-25T12:23:24.359Z] Checked if tokens are valid: false, expires at: 1758776363799
[debug] [2025-09-25T12:23:24.360Z] > refreshing access token with scopes: []
[debug] [2025-09-25T12:23:24.360Z] >>> [apiv2][query] POST https://www.googleapis.com/oauth2/v3/token [none]
[debug] [2025-09-25T12:23:24.360Z] >>> [apiv2][body] POST https://www.googleapis.com/oauth2/v3/token [omitted]
[debug] [2025-09-25T12:23:24.376Z] Checked if tokens are valid: false, expires at: 1758776363799
[debug] [2025-09-25T12:23:24.376Z] Checked if tokens are valid: false, expires at: 1758776363799
[debug] [2025-09-25T12:23:24.376Z] > refreshing access token with scopes: []
[debug] [2025-09-25T12:23:24.376Z] >>> [apiv2][query] POST https://www.googleapis.com/oauth2/v3/token [none]
[debug] [2025-09-25T12:23:24.377Z] >>> [apiv2][body] POST https://www.googleapis.com/oauth2/v3/token [omitted]
[error] Failed to fetch Firebase Project from Studio Workspace because WORKSPACE_SLUG environment variable is empty
[error] Failed to fetch Firebase Project from Studio Workspace because WORKSPACE_SLUG environment variable is empty
[debug] [2025-09-25T12:23:24.599Z] Checked if tokens are valid: false, expires at: 1758776363799
[debug] [2025-09-25T12:23:24.600Z] Checked if tokens are valid: false, expires at: 1758776363799
[debug] [2025-09-25T12:23:24.600Z] > refreshing access token with scopes: []
[debug] [2025-09-25T12:23:24.600Z] >>> [apiv2][query] POST https://www.googleapis.com/oauth2/v3/token [none]
[debug] [2025-09-25T12:23:24.600Z] >>> [apiv2][body] POST https://www.googleapis.com/oauth2/v3/token [omitted]
[debug] [2025-09-25T12:23:24.605Z] Checked if tokens are valid: false, expires at: 1758776363799
[debug] [2025-09-25T12:23:24.605Z] Checked if tokens are valid: false, expires at: 1758776363799
[debug] [2025-09-25T12:23:24.605Z] > refreshing access token with scopes: []
[debug] [2025-09-25T12:23:24.608Z] >>> [apiv2][query] POST https://www.googleapis.com/oauth2/v3/token [none]
[debug] [2025-09-25T12:23:24.608Z] >>> [apiv2][body] POST https://www.googleapis.com/oauth2/v3/token [omitted]
[debug] [2025-09-25T12:23:24.612Z] Checked if tokens are valid: false, expires at: 1758776363799
[debug] [2025-09-25T12:23:24.612Z] Checked if tokens are valid: false, expires at: 1758776363799
[debug] [2025-09-25T12:23:24.612Z] > refreshing access token with scopes: []
[debug] [2025-09-25T12:23:24.612Z] >>> [apiv2][query] POST https://www.googleapis.com/oauth2/v3/token [none]
[debug] [2025-09-25T12:23:24.613Z] >>> [apiv2][body] POST https://www.googleapis.com/oauth2/v3/token [omitted]
[debug] [2025-09-25T12:23:24.617Z] Checked if tokens are valid: false, expires at: 1758776363799
[debug] [2025-09-25T12:23:24.617Z] Checked if tokens are valid: false, expires at: 1758776363799
[debug] [2025-09-25T12:23:24.617Z] > refreshing access token with scopes: []
[debug] [2025-09-25T12:23:24.617Z] >>> [apiv2][query] POST https://www.googleapis.com/oauth2/v3/token [none]
[debug] [2025-09-25T12:23:24.617Z] >>> [apiv2][body] POST https://www.googleapis.com/oauth2/v3/token [omitted]
[debug] [2025-09-25T12:23:24.623Z] Checked if tokens are valid: false, expires at: 1758776363799
[debug] [2025-09-25T12:23:24.623Z] Checked if tokens are valid: false, expires at: 1758776363799
[debug] [2025-09-25T12:23:24.623Z] > refreshing access token with scopes: []
[debug] [2025-09-25T12:23:24.624Z] >>> [apiv2][query] POST https://www.googleapis.com/oauth2/v3/token [none]
[debug] [2025-09-25T12:23:24.624Z] >>> [apiv2][body] POST https://www.googleapis.com/oauth2/v3/token [omitted]
[debug] [2025-09-25T12:23:24.856Z] <<< [apiv2][status] POST https://www.googleapis.com/oauth2/v3/token 200
[debug] [2025-09-25T12:23:24.860Z] <<< [apiv2][body] POST https://www.googleapis.com/oauth2/v3/token [omitted]
[debug] [2025-09-25T12:23:24.951Z] >>> [apiv2][query] GET https://serviceusage.googleapis.com/v1/projects/blogwebsite-2004/services/ [none]
[debug] [2025-09-25T12:23:24.952Z] >>> [apiv2][(partial)header] GET https://serviceusage.googleapis.com/v1/projects/blogwebsite-2004/services/ x-goog-quota-user=projects/blogwebsite-2004
[debug] [2025-09-25T12:23:24.979Z] <<< [apiv2][status] POST https://www.googleapis.com/oauth2/v3/token 200
[debug] [2025-09-25T12:23:24.979Z] <<< [apiv2][body] POST https://www.googleapis.com/oauth2/v3/token [omitted]
[debug] [2025-09-25T12:23:24.995Z] >>> [apiv2][query] GET https://serviceusage.googleapis.com/v1/projects/blogwebsite-2004/services/firebasedataconnect.googleapis.com [none]
[debug] [2025-09-25T12:23:24.995Z] >>> [apiv2][(partial)header] GET https://serviceusage.googleapis.com/v1/projects/blogwebsite-2004/services/firebasedataconnect.googleapis.com x-goog-quota-user=projects/blogwebsite-2004
[debug] [2025-09-25T12:23:25.013Z] <<< [apiv2][status] POST https://www.googleapis.com/oauth2/v3/token 200
[debug] [2025-09-25T12:23:25.014Z] <<< [apiv2][body] POST https://www.googleapis.com/oauth2/v3/token [omitted]
[debug] [2025-09-25T12:23:25.029Z] >>> [apiv2][query] GET https://serviceusage.googleapis.com/v1/projects/blogwebsite-2004/services/firebasedataconnect.googleapis.com [none]
[debug] [2025-09-25T12:23:25.029Z] >>> [apiv2][(partial)header] GET https://serviceusage.googleapis.com/v1/projects/blogwebsite-2004/services/firebasedataconnect.googleapis.com x-goog-quota-user=projects/blogwebsite-2004
[debug] [2025-09-25T12:23:25.043Z] <<< [apiv2][status] POST https://www.googleapis.com/oauth2/v3/token 200
[debug] [2025-09-25T12:23:25.043Z] <<< [apiv2][body] POST https://www.googleapis.com/oauth2/v3/token [omitted]
[debug] [2025-09-25T12:23:25.057Z] >>> [apiv2][query] GET https://serviceusage.googleapis.com/v1/projects/blogwebsite-2004/services/firebaseapphosting.googleapis.com [none]
[debug] [2025-09-25T12:23:25.057Z] >>> [apiv2][(partial)header] GET https://serviceusage.googleapis.com/v1/projects/blogwebsite-2004/services/firebaseapphosting.googleapis.com x-goog-quota-user=projects/blogwebsite-2004
[debug] [2025-09-25T12:23:25.072Z] <<< [apiv2][status] POST https://www.googleapis.com/oauth2/v3/token 200
[debug] [2025-09-25T12:23:25.072Z] <<< [apiv2][body] POST https://www.googleapis.com/oauth2/v3/token [omitted]
[debug] [2025-09-25T12:23:25.090Z] >>> [apiv2][query] GET https://serviceusage.googleapis.com/v1/projects/blogwebsite-2004/services/firebaseio.com [none]
[debug] [2025-09-25T12:23:25.090Z] >>> [apiv2][(partial)header] GET https://serviceusage.googleapis.com/v1/projects/blogwebsite-2004/services/firebaseio.com x-goog-quota-user=projects/blogwebsite-2004
[debug] [2025-09-25T12:23:25.096Z] <<< [apiv2][status] POST https://www.googleapis.com/oauth2/v3/token 200
[debug] [2025-09-25T12:23:25.096Z] <<< [apiv2][body] POST https://www.googleapis.com/oauth2/v3/token [omitted]
[debug] [2025-09-25T12:23:25.110Z] >>> [apiv2][query] GET https://serviceusage.googleapis.com/v1/projects/blogwebsite-2004/services/ [none]
[debug] [2025-09-25T12:23:25.110Z] >>> [apiv2][(partial)header] GET https://serviceusage.googleapis.com/v1/projects/blogwebsite-2004/services/ x-goog-quota-user=projects/blogwebsite-2004
[debug] [2025-09-25T12:23:25.122Z] <<< [apiv2][status] POST https://www.googleapis.com/oauth2/v3/token 200
[debug] [2025-09-25T12:23:25.122Z] <<< [apiv2][body] POST https://www.googleapis.com/oauth2/v3/token [omitted]
[debug] [2025-09-25T12:23:25.140Z] >>> [apiv2][query] GET https://serviceusage.googleapis.com/v1/projects/blogwebsite-2004/services/firebaseio.com [none]
[debug] [2025-09-25T12:23:25.140Z] >>> [apiv2][(partial)header] GET https://serviceusage.googleapis.com/v1/projects/blogwebsite-2004/services/firebaseio.com x-goog-quota-user=projects/blogwebsite-2004
[debug] [2025-09-25T12:23:25.158Z] <<< [apiv2][status] POST https://www.googleapis.com/oauth2/v3/token 200
[debug] [2025-09-25T12:23:25.158Z] <<< [apiv2][body] POST https://www.googleapis.com/oauth2/v3/token [omitted]
[debug] [2025-09-25T12:23:25.176Z] >>> [apiv2][query] GET https://serviceusage.googleapis.com/v1/projects/blogwebsite-2004/services/firebasecrashlytics.googleapis.com [none]
[debug] [2025-09-25T12:23:25.176Z] >>> [apiv2][(partial)header] GET https://serviceusage.googleapis.com/v1/projects/blogwebsite-2004/services/firebasecrashlytics.googleapis.com x-goog-quota-user=projects/blogwebsite-2004
[debug] [2025-09-25T12:23:25.206Z] <<< [apiv2][status] POST https://www.googleapis.com/oauth2/v3/token 200
[debug] [2025-09-25T12:23:25.206Z] <<< [apiv2][body] POST https://www.googleapis.com/oauth2/v3/token [omitted]
[debug] [2025-09-25T12:23:25.226Z] >>> [apiv2][query] GET https://serviceusage.googleapis.com/v1/projects/blogwebsite-2004/services/firebaseapphosting.googleapis.com [none]
[debug] [2025-09-25T12:23:25.226Z] >>> [apiv2][(partial)header] GET https://serviceusage.googleapis.com/v1/projects/blogwebsite-2004/services/firebaseapphosting.googleapis.com x-goog-quota-user=projects/blogwebsite-2004
[debug] [2025-09-25T12:23:25.303Z] <<< [apiv2][status] POST https://www.googleapis.com/oauth2/v3/token 200
[debug] [2025-09-25T12:23:25.304Z] <<< [apiv2][body] POST https://www.googleapis.com/oauth2/v3/token [omitted]
[debug] [2025-09-25T12:23:25.333Z] >>> [apiv2][query] GET https://serviceusage.googleapis.com/v1/projects/blogwebsite-2004/services/firebasecrashlytics.googleapis.com [none]
[debug] [2025-09-25T12:23:25.334Z] >>> [apiv2][(partial)header] GET https://serviceusage.googleapis.com/v1/projects/blogwebsite-2004/services/firebasecrashlytics.googleapis.com x-goog-quota-user=projects/blogwebsite-2004
[debug] [2025-09-25T12:23:26.101Z] <<< [apiv2][status] GET https://serviceusage.googleapis.com/v1/projects/blogwebsite-2004/services/firebasedataconnect.googleapis.com 200
[debug] [2025-09-25T12:23:26.103Z] <<< [apiv2][body] GET https://serviceusage.googleapis.com/v1/projects/blogwebsite-2004/services/firebasedataconnect.googleapis.com [omitted]
[debug] [2025-09-25T12:23:26.147Z] <<< [apiv2][status] GET https://serviceusage.googleapis.com/v1/projects/blogwebsite-2004/services/firebasedataconnect.googleapis.com 200
[debug] [2025-09-25T12:23:26.147Z] <<< [apiv2][body] GET https://serviceusage.googleapis.com/v1/projects/blogwebsite-2004/services/firebasedataconnect.googleapis.com [omitted]
[debug] [2025-09-25T12:23:26.222Z] <<< [apiv2][status] GET https://serviceusage.googleapis.com/v1/projects/blogwebsite-2004/services/firebaseapphosting.googleapis.com 200
[debug] [2025-09-25T12:23:26.222Z] <<< [apiv2][body] GET https://serviceusage.googleapis.com/v1/projects/blogwebsite-2004/services/firebaseapphosting.googleapis.com [omitted]
[debug] [2025-09-25T12:23:26.240Z] <<< [apiv2][status] GET https://serviceusage.googleapis.com/v1/projects/blogwebsite-2004/services/firebaseio.com 403
[debug] [2025-09-25T12:23:26.241Z] <<< [apiv2][body] GET https://serviceusage.googleapis.com/v1/projects/blogwebsite-2004/services/firebaseio.com [omitted]
[debug] [2025-09-25T12:23:26.262Z] <<< [apiv2][status] GET https://serviceusage.googleapis.com/v1/projects/blogwebsite-2004/services/firebaseio.com 403
[debug] [2025-09-25T12:23:26.262Z] <<< [apiv2][body] GET https://serviceusage.googleapis.com/v1/projects/blogwebsite-2004/services/firebaseio.com [omitted]
[debug] [2025-09-25T12:23:26.291Z] <<< [apiv2][status] GET https://serviceusage.googleapis.com/v1/projects/blogwebsite-2004/services/firebasecrashlytics.googleapis.com 200
[debug] [2025-09-25T12:23:26.292Z] <<< [apiv2][body] GET https://serviceusage.googleapis.com/v1/projects/blogwebsite-2004/services/firebasecrashlytics.googleapis.com [omitted]
[debug] [2025-09-25T12:23:26.304Z] <<< [apiv2][status] GET https://serviceusage.googleapis.com/v1/projects/blogwebsite-2004/services/firebaseapphosting.googleapis.com 200
[debug] [2025-09-25T12:23:26.304Z] <<< [apiv2][body] GET https://serviceusage.googleapis.com/v1/projects/blogwebsite-2004/services/firebaseapphosting.googleapis.com [omitted]
[debug] [2025-09-25T12:23:26.374Z] <<< [apiv2][status] GET https://serviceusage.googleapis.com/v1/projects/blogwebsite-2004/services/ 200
[debug] [2025-09-25T12:23:26.374Z] <<< [apiv2][body] GET https://serviceusage.googleapis.com/v1/projects/blogwebsite-2004/services/ [omitted]
[debug] [2025-09-25T12:23:26.405Z] <<< [apiv2][status] GET https://serviceusage.googleapis.com/v1/projects/blogwebsite-2004/services/firebasecrashlytics.googleapis.com 200
[debug] [2025-09-25T12:23:26.405Z] <<< [apiv2][body] GET https://serviceusage.googleapis.com/v1/projects/blogwebsite-2004/services/firebasecrashlytics.googleapis.com [omitted]
[debug] [2025-09-25T12:23:26.566Z] <<< [apiv2][status] GET https://serviceusage.googleapis.com/v1/projects/blogwebsite-2004/services/ 200
[debug] [2025-09-25T12:23:26.568Z] <<< [apiv2][body] GET https://serviceusage.googleapis.com/v1/projects/blogwebsite-2004/services/ [omitted]
[error] Failed to fetch Firebase Project from Studio Workspace because WORKSPACE_SLUG environment variable is empty
[error] Failed to fetch Firebase Project from Studio Workspace because WORKSPACE_SLUG environment variable is empty
[debug] [2025-09-25T12:23:26.587Z] > command requires scopes: ["email","openid","https://www.googleapis.com/auth/cloudplatformprojects.readonly","https://www.googleapis.com/auth/firebase","https://www.googleapis.com/auth/cloud-platform","https://www.googleapis.com/auth/userinfo.email"]
[debug] [2025-09-25T12:23:26.596Z] > authorizing via signed-in user (omkarsdalvi1@gmail.com)
[error] Failed to fetch Firebase Project from Studio Workspace because WORKSPACE_SLUG environment variable is empty
[error] Failed to fetch Firebase Project from Studio Workspace because WORKSPACE_SLUG environment variable is empty
[debug] [2025-09-25T12:23:34.484Z] Checked if tokens are valid: true, expires at: 1758806604304
[debug] [2025-09-25T12:23:34.485Z] Checked if tokens are valid: true, expires at: 1758806604304
[debug] [2025-09-25T12:23:34.486Z] Checked if tokens are valid: true, expires at: 1758806604304
[debug] [2025-09-25T12:23:34.486Z] Checked if tokens are valid: true, expires at: 1758806604304
[debug] [2025-09-25T12:23:34.486Z] Checked if tokens are valid: true, expires at: 1758806604304
[debug] [2025-09-25T12:23:34.487Z] Checked if tokens are valid: true, expires at: 1758806604304
[debug] [2025-09-25T12:23:34.487Z] Checked if tokens are valid: true, expires at: 1758806604304
[debug] [2025-09-25T12:23:34.487Z] Checked if tokens are valid: true, expires at: 1758806604304
[debug] [2025-09-25T12:23:34.488Z] Checked if tokens are valid: true, expires at: 1758806604304
[debug] [2025-09-25T12:23:34.488Z] Checked if tokens are valid: true, expires at: 1758806604304
[debug] [2025-09-25T12:23:34.492Z] >>> [apiv2][query] GET https://serviceusage.googleapis.com/v1/projects/blogwebsite-2004/services/ [none]
[debug] [2025-09-25T12:23:34.492Z] >>> [apiv2][(partial)header] GET https://serviceusage.googleapis.com/v1/projects/blogwebsite-2004/services/ x-goog-quota-user=projects/blogwebsite-2004
[debug] [2025-09-25T12:23:34.545Z] >>> [apiv2][query] GET https://serviceusage.googleapis.com/v1/projects/blogwebsite-2004/services/firebasedataconnect.googleapis.com [none]
[debug] [2025-09-25T12:23:34.545Z] >>> [apiv2][(partial)header] GET https://serviceusage.googleapis.com/v1/projects/blogwebsite-2004/services/firebasedataconnect.googleapis.com x-goog-quota-user=projects/blogwebsite-2004
[debug] [2025-09-25T12:23:34.550Z] >>> [apiv2][query] GET https://serviceusage.googleapis.com/v1/projects/blogwebsite-2004/services/firebasecrashlytics.googleapis.com [none]
[debug] [2025-09-25T12:23:34.550Z] >>> [apiv2][(partial)header] GET https://serviceusage.googleapis.com/v1/projects/blogwebsite-2004/services/firebasecrashlytics.googleapis.com x-goog-quota-user=projects/blogwebsite-2004
[debug] [2025-09-25T12:23:34.555Z] >>> [apiv2][query] GET https://serviceusage.googleapis.com/v1/projects/blogwebsite-2004/services/firebaseapphosting.googleapis.com [none]
[debug] [2025-09-25T12:23:34.555Z] >>> [apiv2][(partial)header] GET https://serviceusage.googleapis.com/v1/projects/blogwebsite-2004/services/firebaseapphosting.googleapis.com x-goog-quota-user=projects/blogwebsite-2004
[debug] [2025-09-25T12:23:34.559Z] >>> [apiv2][query] GET https://serviceusage.googleapis.com/v1/projects/blogwebsite-2004/services/firebaseio.com [none]
[debug] [2025-09-25T12:23:34.559Z] >>> [apiv2][(partial)header] GET https://serviceusage.googleapis.com/v1/projects/blogwebsite-2004/services/firebaseio.com x-goog-quota-user=projects/blogwebsite-2004
[error] Failed to fetch Firebase Project from Studio Workspace because WORKSPACE_SLUG environment variable is empty
[error] Failed to fetch Firebase Project from Studio Workspace because WORKSPACE_SLUG environment variable is empty
[debug] [2025-09-25T12:23:35.153Z] Checked if tokens are valid: true, expires at: 1758806604304
[debug] [2025-09-25T12:23:35.153Z] Checked if tokens are valid: true, expires at: 1758806604304
[debug] [2025-09-25T12:23:35.154Z] Checked if tokens are valid: true, expires at: 1758806604304
[debug] [2025-09-25T12:23:35.154Z] Checked if tokens are valid: true, expires at: 1758806604304
[debug] [2025-09-25T12:23:35.155Z] Checked if tokens are valid: true, expires at: 1758806604304
[debug] [2025-09-25T12:23:35.155Z] Checked if tokens are valid: true, expires at: 1758806604304
[debug] [2025-09-25T12:23:35.155Z] Checked if tokens are valid: true, expires at: 1758806604304
[debug] [2025-09-25T12:23:35.155Z] Checked if tokens are valid: true, expires at: 1758806604304
[debug] [2025-09-25T12:23:35.155Z] Checked if tokens are valid: true, expires at: 1758806604304
[debug] [2025-09-25T12:23:35.158Z] Checked if tokens are valid: true, expires at: 1758806604304
[debug] [2025-09-25T12:23:35.158Z] >>> [apiv2][query] GET https://serviceusage.googleapis.com/v1/projects/blogwebsite-2004/services/ [none]
[debug] [2025-09-25T12:23:35.158Z] >>> [apiv2][(partial)header] GET https://serviceusage.googleapis.com/v1/projects/blogwebsite-2004/services/ x-goog-quota-user=projects/blogwebsite-2004
[debug] [2025-09-25T12:23:35.162Z] >>> [apiv2][query] GET https://serviceusage.googleapis.com/v1/projects/blogwebsite-2004/services/firebasedataconnect.googleapis.com [none]
[debug] [2025-09-25T12:23:35.162Z] >>> [apiv2][(partial)header] GET https://serviceusage.googleapis.com/v1/projects/blogwebsite-2004/services/firebasedataconnect.googleapis.com x-goog-quota-user=projects/blogwebsite-2004
[debug] [2025-09-25T12:23:35.166Z] >>> [apiv2][query] GET https://serviceusage.googleapis.com/v1/projects/blogwebsite-2004/services/firebasecrashlytics.googleapis.com [none]
[debug] [2025-09-25T12:23:35.166Z] >>> [apiv2][(partial)header] GET https://serviceusage.googleapis.com/v1/projects/blogwebsite-2004/services/firebasecrashlytics.googleapis.com x-goog-quota-user=projects/blogwebsite-2004
[debug] [2025-09-25T12:23:35.169Z] >>> [apiv2][query] GET https://serviceusage.googleapis.com/v1/projects/blogwebsite-2004/services/firebaseapphosting.googleapis.com [none]
[debug] [2025-09-25T12:23:35.170Z] >>> [apiv2][(partial)header] GET https://serviceusage.googleapis.com/v1/projects/blogwebsite-2004/services/firebaseapphosting.googleapis.com x-goog-quota-user=projects/blogwebsite-2004
[debug] [2025-09-25T12:23:35.171Z] >>> [apiv2][query] GET https://serviceusage.googleapis.com/v1/projects/blogwebsite-2004/services/firebaseio.com [none]
[debug] [2025-09-25T12:23:35.171Z] >>> [apiv2][(partial)header] GET https://serviceusage.googleapis.com/v1/projects/blogwebsite-2004/services/firebaseio.com x-goog-quota-user=projects/blogwebsite-2004
[debug] [2025-09-25T12:23:35.494Z] <<< [apiv2][status] GET https://serviceusage.googleapis.com/v1/projects/blogwebsite-2004/services/firebaseio.com 403
[debug] [2025-09-25T12:23:35.496Z] <<< [apiv2][body] GET https://serviceusage.googleapis.com/v1/projects/blogwebsite-2004/services/firebaseio.com [omitted]
[debug] [2025-09-25T12:23:35.616Z] <<< [apiv2][status] GET https://serviceusage.googleapis.com/v1/projects/blogwebsite-2004/services/firebaseio.com 403
[debug] [2025-09-25T12:23:35.616Z] <<< [apiv2][body] GET https://serviceusage.googleapis.com/v1/projects/blogwebsite-2004/services/firebaseio.com [omitted]
[debug] [2025-09-25T12:23:35.633Z] <<< [apiv2][status] GET https://serviceusage.googleapis.com/v1/projects/blogwebsite-2004/services/firebasecrashlytics.googleapis.com 200
[debug] [2025-09-25T12:23:35.633Z] <<< [apiv2][body] GET https://serviceusage.googleapis.com/v1/projects/blogwebsite-2004/services/firebasecrashlytics.googleapis.com [omitted]
[debug] [2025-09-25T12:23:35.658Z] <<< [apiv2][status] GET https://serviceusage.googleapis.com/v1/projects/blogwebsite-2004/services/firebaseapphosting.googleapis.com 200
[debug] [2025-09-25T12:23:35.659Z] <<< [apiv2][body] GET https://serviceusage.googleapis.com/v1/projects/blogwebsite-2004/services/firebaseapphosting.googleapis.com [omitted]
[debug] [2025-09-25T12:23:35.692Z] <<< [apiv2][status] GET https://serviceusage.googleapis.com/v1/projects/blogwebsite-2004/services/firebasedataconnect.googleapis.com 200
[debug] [2025-09-25T12:23:35.693Z] <<< [apiv2][body] GET https://serviceusage.googleapis.com/v1/projects/blogwebsite-2004/services/firebasedataconnect.googleapis.com [omitted]
[debug] [2025-09-25T12:23:35.947Z] <<< [apiv2][status] GET https://serviceusage.googleapis.com/v1/projects/blogwebsite-2004/services/ 200
[debug] [2025-09-25T12:23:35.947Z] <<< [apiv2][body] GET https://serviceusage.googleapis.com/v1/projects/blogwebsite-2004/services/ [omitted]
[debug] [2025-09-25T12:23:36.227Z] <<< [apiv2][status] GET https://serviceusage.googleapis.com/v1/projects/blogwebsite-2004/services/firebasecrashlytics.googleapis.com 200
[debug] [2025-09-25T12:23:36.228Z] <<< [apiv2][body] GET https://serviceusage.googleapis.com/v1/projects/blogwebsite-2004/services/firebasecrashlytics.googleapis.com [omitted]
[debug] [2025-09-25T12:23:36.246Z] <<< [apiv2][status] GET https://serviceusage.googleapis.com/v1/projects/blogwebsite-2004/services/firebaseapphosting.googleapis.com 200
[debug] [2025-09-25T12:23:36.247Z] <<< [apiv2][body] GET https://serviceusage.googleapis.com/v1/projects/blogwebsite-2004/services/firebaseapphosting.googleapis.com [omitted]
[debug] [2025-09-25T12:23:36.307Z] <<< [apiv2][status] GET https://serviceusage.googleapis.com/v1/projects/blogwebsite-2004/services/firebasedataconnect.googleapis.com 200
[debug] [2025-09-25T12:23:36.309Z] <<< [apiv2][body] GET https://serviceusage.googleapis.com/v1/projects/blogwebsite-2004/services/firebasedataconnect.googleapis.com [omitted]
[debug] [2025-09-25T12:23:36.684Z] <<< [apiv2][status] GET https://serviceusage.googleapis.com/v1/projects/blogwebsite-2004/services/ 200
[debug] [2025-09-25T12:23:36.684Z] <<< [apiv2][body] GET https://serviceusage.googleapis.com/v1/projects/blogwebsite-2004/services/ [omitted]
[error] Failed to fetch Firebase Project from Studio Workspace because WORKSPACE_SLUG environment variable is empty
[error] Failed to fetch Firebase Project from Studio Workspace because WORKSPACE_SLUG environment variable is empty
[debug] [2025-09-25T12:23:36.693Z] > command requires scopes: ["email","openid","https://www.googleapis.com/auth/cloudplatformprojects.readonly","https://www.googleapis.com/auth/firebase","https://www.googleapis.com/auth/cloud-platform","https://www.googleapis.com/auth/userinfo.email"]
[debug] [2025-09-25T12:23:36.693Z] > authorizing via signed-in user (omkarsdalvi1@gmail.com)
[error] Failed to fetch Firebase Project from Studio Workspace because WORKSPACE_SLUG environment variable is empty
[error] Failed to fetch Firebase Project from Studio Workspace because WORKSPACE_SLUG environment variable is empty
[debug] [2025-09-25T12:23:36.718Z] > command requires scopes: ["email","openid","https://www.googleapis.com/auth/cloudplatformprojects.readonly","https://www.googleapis.com/auth/firebase","https://www.googleapis.com/auth/cloud-platform","https://www.googleapis.com/auth/userinfo.email"]
[debug] [2025-09-25T12:23:36.718Z] > authorizing via signed-in user (omkarsdalvi1@gmail.com)
[error] Failed to fetch Firebase Project from Studio Workspace because WORKSPACE_SLUG environment variable is empty
[error] Failed to fetch Firebase Project from Studio Workspace because WORKSPACE_SLUG environment variable is empty
[debug] [2025-09-25T12:23:36.731Z] > command requires scopes: ["email","openid","https://www.googleapis.com/auth/cloudplatformprojects.readonly","https://www.googleapis.com/auth/firebase","https://www.googleapis.com/auth/cloud-platform","https://www.googleapis.com/auth/userinfo.email"]
[debug] [2025-09-25T12:23:36.731Z] > authorizing via signed-in user (omkarsdalvi1@gmail.com)
